# JRE version: OpenJDK Runtime Environment (8.0_202-b03) (build 1.8.0_202-release-1483-b03)
# Java VM: OpenJDK 64-Bit Server VM (25.202-b03 mixed mode windows-amd64 compressed oops)
Heap:
 PSYoungGen      total 77312K, used 59637K [0x00000000d6180000, 0x00000000dd500000, 0x0000000100000000)
  eden space 61952K, 96% used [0x00000000d6180000,0x00000000d9bbd7a8,0x00000000d9e00000)
  from space 15360K, 0% used [0x00000000dac80000,0x00000000dac80000,0x00000000dbb80000)
  to   space 14848K, 0% used [0x00000000d9e00000,0x00000000d9e00000,0x00000000dac80000)
 ParOldGen       total 67584K, used 17645K [0x0000000082400000, 0x0000000086600000, 0x00000000d6180000)
  object space 67584K, 26% used [0x0000000082400000,0x000000008353b610,0x0000000086600000)
 Metaspace       used 39476K, capacity 40120K, committed 40576K, reserved 1085440K
  class space    used 5015K, capacity 5215K, committed 5248K, reserved 1048576K
GC Heap History (10 events):
Event: 2.320 GC heap before
{Heap before GC invocations=4 (full 1):
 PSYoungGen      total 37888K, used 5096K [0x00000000d6180000, 0x00000000dab80000, 0x0000000100000000)
  eden space 32768K, 0% used [0x00000000d6180000,0x00000000d6180000,0x00000000d8180000)
  from space 5120K, 99% used [0x00000000d8180000,0x00000000d867a2e8,0x00000000d8680000)
  to   space 5120K, 0% used [0x00000000da680000,0x00000000da680000,0x00000000dab80000)
 ParOldGen       total 86016K, used 11126K [0x0000000082400000, 0x0000000087800000, 0x00000000d6180000)
  object space 86016K, 12% used [0x0000000082400000,0x0000000082edd968,0x0000000087800000)
 Metaspace       used 20741K, capacity 21172K, committed 21296K, reserved 1067008K
  class space    used 2716K, capacity 2872K, committed 2944K, reserved 1048576K
Event: 2.378 GC heap after
Heap after GC invocations=4 (full 1):
 PSYoungGen      total 37888K, used 0K [0x00000000d6180000, 0x00000000dab80000, 0x0000000100000000)
  eden space 32768K, 0% used [0x00000000d6180000,0x00000000d6180000,0x00000000d8180000)
  from space 5120K, 0% used [0x00000000d8180000,0x00000000d8180000,0x00000000d8680000)
  to   space 5120K, 0% used [0x00000000da680000,0x00000000da680000,0x00000000dab80000)
 ParOldGen       total 67584K, used 8704K [0x0000000082400000, 0x0000000086600000, 0x00000000d6180000)
  object space 67584K, 12% used [0x0000000082400000,0x0000000082c80340,0x0000000086600000)
 Metaspace       used 20741K, capacity 21172K, committed 21296K, reserved 1067008K
  class space    used 2716K, capacity 2872K, committed 2944K, reserved 1048576K
}
Event: 3.311 GC heap before
{Heap before GC invocations=5 (full 1):
 PSYoungGen      total 37888K, used 32768K [0x00000000d6180000, 0x00000000dab80000, 0x0000000100000000)
  eden space 32768K, 100% used [0x00000000d6180000,0x00000000d8180000,0x00000000d8180000)
  from space 5120K, 0% used [0x00000000d8180000,0x00000000d8180000,0x00000000d8680000)
  to   space 5120K, 0% used [0x00000000da680000,0x00000000da680000,0x00000000dab80000)
 ParOldGen       total 67584K, used 8704K [0x0000000082400000, 0x0000000086600000, 0x00000000d6180000)
  object space 67584K, 12% used [0x0000000082400000,0x0000000082c80340,0x0000000086600000)
 Metaspace       used 24521K, capacity 25016K, committed 25216K, reserved 1071104K
  class space    used 3214K, capacity 3348K, committed 3456K, reserved 1048576K
Event: 3.319 GC heap after
Heap after GC invocations=5 (full 1):
 PSYoungGen      total 49664K, used 5108K [0x00000000d6180000, 0x00000000dab80000, 0x0000000100000000)
  eden space 44544K, 0% used [0x00000000d6180000,0x00000000d6180000,0x00000000d8d00000)
  from space 5120K, 99% used [0x00000000da680000,0x00000000dab7d088,0x00000000dab80000)
  to   space 5120K, 0% used [0x00000000da180000,0x00000000da180000,0x00000000da680000)
 ParOldGen       total 67584K, used 10868K [0x0000000082400000, 0x0000000086600000, 0x00000000d6180000)
  object space 67584K, 16% used [0x0000000082400000,0x0000000082e9d388,0x0000000086600000)
 Metaspace       used 24521K, capacity 25016K, committed 25216K, reserved 1071104K
  class space    used 3214K, capacity 3348K, committed 3456K, reserved 1048576K
}
Event: 4.901 GC heap before
{Heap before GC invocations=6 (full 1):
 PSYoungGen      total 49664K, used 49652K [0x00000000d6180000, 0x00000000dab80000, 0x0000000100000000)
  eden space 44544K, 100% used [0x00000000d6180000,0x00000000d8d00000,0x00000000d8d00000)
  from space 5120K, 99% used [0x00000000da680000,0x00000000dab7d088,0x00000000dab80000)
  to   space 5120K, 0% used [0x00000000da180000,0x00000000da180000,0x00000000da680000)
 ParOldGen       total 67584K, used 10868K [0x0000000082400000, 0x0000000086600000, 0x00000000d6180000)
  object space 67584K, 16% used [0x0000000082400000,0x0000000082e9d388,0x0000000086600000)
 Metaspace       used 31818K, capacity 32318K, committed 32512K, reserved 1077248K
  class space    used 4072K, capacity 4252K, committed 4352K, reserved 1048576K
Event: 4.932 GC heap after
Heap after GC invocations=6 (full 1):
 PSYoungGen      total 66560K, used 5090K [0x00000000d6180000, 0x00000000dbb80000, 0x0000000100000000)
  eden space 61440K, 0% used [0x00000000d6180000,0x00000000d6180000,0x00000000d9d80000)
  from space 5120K, 99% used [0x00000000da180000,0x00000000da678918,0x00000000da680000)
  to   space 15360K, 0% used [0x00000000dac80000,0x00000000dac80000,0x00000000dbb80000)
 ParOldGen       total 67584K, used 21849K [0x0000000082400000, 0x0000000086600000, 0x00000000d6180000)
  object space 67584K, 32% used [0x0000000082400000,0x0000000083956550,0x0000000086600000)
 Metaspace       used 31818K, capacity 32318K, committed 32512K, reserved 1077248K
  class space    used 4072K, capacity 4252K, committed 4352K, reserved 1048576K
}
Event: 6.278 GC heap before
{Heap before GC invocations=7 (full 1):
 PSYoungGen      total 66560K, used 21593K [0x00000000d6180000, 0x00000000dbb80000, 0x0000000100000000)
  eden space 61440K, 26% used [0x00000000d6180000,0x00000000d719db10,0x00000000d9d80000)
  from space 5120K, 99% used [0x00000000da180000,0x00000000da678918,0x00000000da680000)
  to   space 15360K, 0% used [0x00000000dac80000,0x00000000dac80000,0x00000000dbb80000)
 ParOldGen       total 67584K, used 21849K [0x0000000082400000, 0x0000000086600000, 0x00000000d6180000)
  object space 67584K, 32% used [0x0000000082400000,0x0000000083956550,0x0000000086600000)
 Metaspace       used 34776K, capacity 35334K, committed 35496K, reserved 1081344K
  class space    used 4424K, capacity 4588K, committed 4608K, reserved 1048576K
Event: 6.326 GC heap after
Heap after GC invocations=7 (full 1):
 PSYoungGen      total 77312K, used 9208K [0x00000000d6180000, 0x00000000dd500000, 0x0000000100000000)
  eden space 61952K, 0% used [0x00000000d6180000,0x00000000d6180000,0x00000000d9e00000)
  from space 15360K, 59% used [0x00000000dac80000,0x00000000db57e180,0x00000000dbb80000)
  to   space 14848K, 0% used [0x00000000d9e00000,0x00000000d9e00000,0x00000000dac80000)
 ParOldGen       total 67584K, used 21849K [0x0000000082400000, 0x0000000086600000, 0x00000000d6180000)
  object space 67584K, 32% used [0x0000000082400000,0x0000000083956550,0x0000000086600000)
 Metaspace       used 34776K, capacity 35334K, committed 35496K, reserved 1081344K
  class space    used 4424K, capacity 4588K, committed 4608K, reserved 1048576K
}
Event: 6.326 GC heap before
{Heap before GC invocations=8 (full 2):
 PSYoungGen      total 77312K, used 9208K [0x00000000d6180000, 0x00000000dd500000, 0x0000000100000000)
  eden space 61952K, 0% used [0x00000000d6180000,0x00000000d6180000,0x00000000d9e00000)
  from space 15360K, 59% used [0x00000000dac80000,0x00000000db57e180,0x00000000dbb80000)
  to   space 14848K, 0% used [0x00000000d9e00000,0x00000000d9e00000,0x00000000dac80000)
 ParOldGen       total 67584K, used 21849K [0x0000000082400000, 0x0000000086600000, 0x00000000d6180000)
  object space 67584K, 32% used [0x0000000082400000,0x0000000083956550,0x0000000086600000)
 Metaspace       used 34776K, capacity 35334K, committed 35496K, reserved 1081344K
  class space    used 4424K, capacity 4588K, committed 4608K, reserved 1048576K
Event: 6.579 GC heap after
Heap after GC invocations=8 (full 2):
 PSYoungGen      total 77312K, used 0K [0x00000000d6180000, 0x00000000dd500000, 0x0000000100000000)
  eden space 61952K, 0% used [0x00000000d6180000,0x00000000d6180000,0x00000000d9e00000)
  from space 15360K, 0% used [0x00000000dac80000,0x00000000dac80000,0x00000000dbb80000)
  to   space 14848K, 0% used [0x00000000d9e00000,0x00000000d9e00000,0x00000000dac80000)
 ParOldGen       total 67584K, used 17645K [0x0000000082400000, 0x0000000086600000, 0x00000000d6180000)
  object space 67584K, 26% used [0x0000000082400000,0x000000008353b610,0x0000000086600000)
 Metaspace       used 34776K, capacity 35334K, committed 35496K, reserved 1081344K
  class space    used 4424K, capacity 4588K, committed 4608K, reserved 1048576K
}

