# JRE version: OpenJDK Runtime Environment (8.0_202-b03) (build 1.8.0_202-release-1483-b03)
# Java VM: OpenJDK 64-Bit Server VM (25.202-b03 mixed mode windows-amd64 compressed oops)
Heap:
 PSYoungGen      total 286720K, used 262906K [0x00000000e0000000, 0x00000000f3f00000, 0x0000000100000000)
  eden space 254464K, 94% used [0x00000000e0000000,0x00000000eeb90808,0x00000000ef880000)
  from space 32256K, 67% used [0x00000000ef880000,0x00000000f0dae398,0x00000000f1800000)
  to   space 32256K, 0% used [0x00000000f1f80000,0x00000000f1f80000,0x00000000f3f00000)
 ParOldGen       total 132608K, used 71795K [0x00000000a0000000, 0x00000000a8180000, 0x00000000e0000000)
  object space 132608K, 54% used [0x00000000a0000000,0x00000000a461cd20,0x00000000a8180000)
 Metaspace       used 99421K, capacity 104648K, committed 105024K, reserved 1140736K
  class space    used 12795K, capacity 13732K, committed 13952K, reserved 1048576K
GC Heap History (10 events):
Event: 4717.015 GC heap before
{Heap before GC invocations=31 (full 4):
 PSYoungGen      total 273920K, used 258345K [0x00000000e0000000, 0x00000000f3300000, 0x0000000100000000)
  eden space 242688K, 100% used [0x00000000e0000000,0x00000000eed00000,0x00000000eed00000)
  from space 31232K, 50% used [0x00000000f1480000,0x00000000f23ca7f8,0x00000000f3300000)
  to   space 35840K, 0% used [0x00000000eed00000,0x00000000eed00000,0x00000000f1000000)
 ParOldGen       total 132608K, used 71755K [0x00000000a0000000, 0x00000000a8180000, 0x00000000e0000000)
  object space 132608K, 54% used [0x00000000a0000000,0x00000000a4612d20,0x00000000a8180000)
 Metaspace       used 98334K, capacity 103130K, committed 103488K, reserved 1138688K
  class space    used 12716K, capacity 13565K, committed 13696K, reserved 1048576K
Event: 4717.051 GC heap after
Heap after GC invocations=31 (full 4):
 PSYoungGen      total 278528K, used 15531K [0x00000000e0000000, 0x00000000f3880000, 0x0000000100000000)
  eden space 242688K, 0% used [0x00000000e0000000,0x00000000e0000000,0x00000000eed00000)
  from space 35840K, 43% used [0x00000000eed00000,0x00000000efc2ad30,0x00000000f1000000)
  to   space 34304K, 0% used [0x00000000f1700000,0x00000000f1700000,0x00000000f3880000)
 ParOldGen       total 132608K, used 71763K [0x00000000a0000000, 0x00000000a8180000, 0x00000000e0000000)
  object space 132608K, 54% used [0x00000000a0000000,0x00000000a4614d20,0x00000000a8180000)
 Metaspace       used 98334K, capacity 103130K, committed 103488K, reserved 1138688K
  class space    used 12716K, capacity 13565K, committed 13696K, reserved 1048576K
}
Event: 4825.675 GC heap before
{Heap before GC invocations=32 (full 4):
 PSYoungGen      total 278528K, used 258210K [0x00000000e0000000, 0x00000000f3880000, 0x0000000100000000)
  eden space 242688K, 99% used [0x00000000e0000000,0x00000000eecfdc18,0x00000000eed00000)
  from space 35840K, 43% used [0x00000000eed00000,0x00000000efc2ad30,0x00000000f1000000)
  to   space 34304K, 0% used [0x00000000f1700000,0x00000000f1700000,0x00000000f3880000)
 ParOldGen       total 132608K, used 71763K [0x00000000a0000000, 0x00000000a8180000, 0x00000000e0000000)
  object space 132608K, 54% used [0x00000000a0000000,0x00000000a4614d20,0x00000000a8180000)
 Metaspace       used 98688K, capacity 103784K, committed 104128K, reserved 1140736K
  class space    used 12776K, capacity 13674K, committed 13824K, reserved 1048576K
Event: 4825.700 GC heap after
Heap after GC invocations=32 (full 4):
 PSYoungGen      total 279552K, used 15655K [0x00000000e0000000, 0x00000000f3400000, 0x0000000100000000)
  eden space 249856K, 0% used [0x00000000e0000000,0x00000000e0000000,0x00000000ef400000)
  from space 29696K, 52% used [0x00000000f1700000,0x00000000f2649f50,0x00000000f3400000)
  to   space 32768K, 0% used [0x00000000ef400000,0x00000000ef400000,0x00000000f1400000)
 ParOldGen       total 132608K, used 71771K [0x00000000a0000000, 0x00000000a8180000, 0x00000000e0000000)
  object space 132608K, 54% used [0x00000000a0000000,0x00000000a4616d20,0x00000000a8180000)
 Metaspace       used 98688K, capacity 103784K, committed 104128K, reserved 1140736K
  class space    used 12776K, capacity 13674K, committed 13824K, reserved 1048576K
}
Event: 4946.448 GC heap before
{Heap before GC invocations=33 (full 4):
 PSYoungGen      total 279552K, used 265127K [0x00000000e0000000, 0x00000000f3400000, 0x0000000100000000)
  eden space 249856K, 99% used [0x00000000e0000000,0x00000000ef39ffb0,0x00000000ef400000)
  from space 29696K, 52% used [0x00000000f1700000,0x00000000f2649f50,0x00000000f3400000)
  to   space 32768K, 0% used [0x00000000ef400000,0x00000000ef400000,0x00000000f1400000)
 ParOldGen       total 132608K, used 71771K [0x00000000a0000000, 0x00000000a8180000, 0x00000000e0000000)
  object space 132608K, 54% used [0x00000000a0000000,0x00000000a4616d20,0x00000000a8180000)
 Metaspace       used 98872K, capacity 104162K, committed 104384K, reserved 1140736K
  class space    used 12787K, capacity 13693K, committed 13824K, reserved 1048576K
Event: 4946.482 GC heap after
Heap after GC invocations=33 (full 4):
 PSYoungGen      total 282624K, used 15959K [0x00000000e0000000, 0x00000000f3680000, 0x0000000100000000)
  eden space 249856K, 0% used [0x00000000e0000000,0x00000000e0000000,0x00000000ef400000)
  from space 32768K, 48% used [0x00000000ef400000,0x00000000f0395f40,0x00000000f1400000)
  to   space 31232K, 0% used [0x00000000f1800000,0x00000000f1800000,0x00000000f3680000)
 ParOldGen       total 132608K, used 71779K [0x00000000a0000000, 0x00000000a8180000, 0x00000000e0000000)
  object space 132608K, 54% used [0x00000000a0000000,0x00000000a4618d20,0x00000000a8180000)
 Metaspace       used 98872K, capacity 104162K, committed 104384K, reserved 1140736K
  class space    used 12787K, capacity 13693K, committed 13824K, reserved 1048576K
}
Event: 4968.331 GC heap before
{Heap before GC invocations=34 (full 4):
 PSYoungGen      total 282624K, used 265815K [0x00000000e0000000, 0x00000000f3680000, 0x0000000100000000)
  eden space 249856K, 100% used [0x00000000e0000000,0x00000000ef400000,0x00000000ef400000)
  from space 32768K, 48% used [0x00000000ef400000,0x00000000f0395f40,0x00000000f1400000)
  to   space 31232K, 0% used [0x00000000f1800000,0x00000000f1800000,0x00000000f3680000)
 ParOldGen       total 132608K, used 71779K [0x00000000a0000000, 0x00000000a8180000, 0x00000000e0000000)
  object space 132608K, 54% used [0x00000000a0000000,0x00000000a4618d20,0x00000000a8180000)
 Metaspace       used 99013K, capacity 104244K, committed 104384K, reserved 1140736K
  class space    used 12788K, capacity 13696K, committed 13824K, reserved 1048576K
Event: 4968.456 GC heap after
Heap after GC invocations=34 (full 4):
 PSYoungGen      total 285696K, used 23121K [0x00000000e0000000, 0x00000000f3c00000, 0x0000000100000000)
  eden space 254464K, 0% used [0x00000000e0000000,0x00000000e0000000,0x00000000ef880000)
  from space 31232K, 74% used [0x00000000f1800000,0x00000000f2e946e8,0x00000000f3680000)
  to   space 32256K, 0% used [0x00000000ef880000,0x00000000ef880000,0x00000000f1800000)
 ParOldGen       total 132608K, used 71787K [0x00000000a0000000, 0x00000000a8180000, 0x00000000e0000000)
  object space 132608K, 54% used [0x00000000a0000000,0x00000000a461ad20,0x00000000a8180000)
 Metaspace       used 99013K, capacity 104244K, committed 104384K, reserved 1140736K
  class space    used 12788K, capacity 13696K, committed 13824K, reserved 1048576K
}
Event: 5816.914 GC heap before
{Heap before GC invocations=35 (full 4):
 PSYoungGen      total 285696K, used 277585K [0x00000000e0000000, 0x00000000f3c00000, 0x0000000100000000)
  eden space 254464K, 100% used [0x00000000e0000000,0x00000000ef880000,0x00000000ef880000)
  from space 31232K, 74% used [0x00000000f1800000,0x00000000f2e946e8,0x00000000f3680000)
  to   space 32256K, 0% used [0x00000000ef880000,0x00000000ef880000,0x00000000f1800000)
 ParOldGen       total 132608K, used 71787K [0x00000000a0000000, 0x00000000a8180000, 0x00000000e0000000)
  object space 132608K, 54% used [0x00000000a0000000,0x00000000a461ad20,0x00000000a8180000)
 Metaspace       used 99270K, capacity 104476K, committed 104768K, reserved 1140736K
  class space    used 12792K, capacity 13700K, committed 13952K, reserved 1048576K
Event: 5817.014 GC heap after
Heap after GC invocations=35 (full 4):
 PSYoungGen      total 286720K, used 21688K [0x00000000e0000000, 0x00000000f3f00000, 0x0000000100000000)
  eden space 254464K, 0% used [0x00000000e0000000,0x00000000e0000000,0x00000000ef880000)
  from space 32256K, 67% used [0x00000000ef880000,0x00000000f0dae398,0x00000000f1800000)
  to   space 32256K, 0% used [0x00000000f1f80000,0x00000000f1f80000,0x00000000f3f00000)
 ParOldGen       total 132608K, used 71795K [0x00000000a0000000, 0x00000000a8180000, 0x00000000e0000000)
  object space 132608K, 54% used [0x00000000a0000000,0x00000000a461cd20,0x00000000a8180000)
 Metaspace       used 99270K, capacity 104476K, committed 104768K, reserved 1140736K
  class space    used 12792K, capacity 13700K, committed 13952K, reserved 1048576K
}

