# JRE version: OpenJDK Runtime Environment (8.0_202-b03) (build 1.8.0_202-release-1483-b03)
# Java VM: OpenJDK 64-Bit Server VM (25.202-b03 mixed mode windows-amd64 compressed oops)
Heap:
 PSYoungGen      total 72704K, used 15550K [0x00000000d6180000, 0x00000000dc880000, 0x0000000100000000)
  eden space 58368K, 2% used [0x00000000d6180000,0x00000000d62b27b0,0x00000000d9a80000)
  from space 14336K, 99% used [0x00000000d9a80000,0x00000000da87d080,0x00000000da880000)
  to   space 14848K, 0% used [0x00000000da880000,0x00000000da880000,0x00000000db700000)
 ParOldGen       total 67584K, used 26198K [0x0000000082400000, 0x0000000086600000, 0x00000000d6180000)
  object space 67584K, 38% used [0x0000000082400000,0x0000000083d95a08,0x0000000086600000)
 Metaspace       used 39530K, capacity 40194K, committed 40576K, reserved 1085440K
  class space    used 5017K, capacity 5216K, committed 5248K, reserved 1048576K
GC Heap History (10 events):
Event: 3.885 GC heap before
{Heap before GC invocations=5 (full 1):
 PSYoungGen      total 37888K, used 32768K [0x00000000d6180000, 0x00000000dab80000, 0x0000000100000000)
  eden space 32768K, 100% used [0x00000000d6180000,0x00000000d8180000,0x00000000d8180000)
  from space 5120K, 0% used [0x00000000d8180000,0x00000000d8180000,0x00000000d8680000)
  to   space 5120K, 0% used [0x00000000da680000,0x00000000da680000,0x00000000dab80000)
 ParOldGen       total 67584K, used 8633K [0x0000000082400000, 0x0000000086600000, 0x00000000d6180000)
  object space 67584K, 12% used [0x0000000082400000,0x0000000082c6e6f0,0x0000000086600000)
 Metaspace       used 24500K, capacity 24952K, committed 25216K, reserved 1071104K
  class space    used 3209K, capacity 3348K, committed 3456K, reserved 1048576K
Event: 3.901 GC heap after
Heap after GC invocations=5 (full 1):
 PSYoungGen      total 49152K, used 5106K [0x00000000d6180000, 0x00000000dab80000, 0x0000000100000000)
  eden space 44032K, 0% used [0x00000000d6180000,0x00000000d6180000,0x00000000d8c80000)
  from space 5120K, 99% used [0x00000000da680000,0x00000000dab7ca98,0x00000000dab80000)
  to   space 5120K, 0% used [0x00000000da180000,0x00000000da180000,0x00000000da680000)
 ParOldGen       total 67584K, used 10812K [0x0000000082400000, 0x0000000086600000, 0x00000000d6180000)
  object space 67584K, 15% used [0x0000000082400000,0x0000000082e8f128,0x0000000086600000)
 Metaspace       used 24500K, capacity 24952K, committed 25216K, reserved 1071104K
  class space    used 3209K, capacity 3348K, committed 3456K, reserved 1048576K
}
Event: 5.724 GC heap before
{Heap before GC invocations=6 (full 1):
 PSYoungGen      total 49152K, used 49138K [0x00000000d6180000, 0x00000000dab80000, 0x0000000100000000)
  eden space 44032K, 100% used [0x00000000d6180000,0x00000000d8c80000,0x00000000d8c80000)
  from space 5120K, 99% used [0x00000000da680000,0x00000000dab7ca98,0x00000000dab80000)
  to   space 5120K, 0% used [0x00000000da180000,0x00000000da180000,0x00000000da680000)
 ParOldGen       total 67584K, used 10812K [0x0000000082400000, 0x0000000086600000, 0x00000000d6180000)
  object space 67584K, 15% used [0x0000000082400000,0x0000000082e8f128,0x0000000086600000)
 Metaspace       used 31426K, capacity 31918K, committed 32128K, reserved 1077248K
  class space    used 4039K, capacity 4188K, committed 4224K, reserved 1048576K
Event: 5.749 GC heap after
Heap after GC invocations=6 (full 1):
 PSYoungGen      total 62976K, used 5090K [0x00000000d6180000, 0x00000000db700000, 0x0000000100000000)
  eden space 57856K, 0% used [0x00000000d6180000,0x00000000d6180000,0x00000000d9a00000)
  from space 5120K, 99% used [0x00000000da180000,0x00000000da678918,0x00000000da680000)
  to   space 14848K, 0% used [0x00000000da880000,0x00000000da880000,0x00000000db700000)
 ParOldGen       total 67584K, used 21391K [0x0000000082400000, 0x0000000086600000, 0x00000000d6180000)
  object space 67584K, 31% used [0x0000000082400000,0x00000000838e3f58,0x0000000086600000)
 Metaspace       used 31426K, capacity 31918K, committed 32128K, reserved 1077248K
  class space    used 4039K, capacity 4188K, committed 4224K, reserved 1048576K
}
Event: 7.064 GC heap before
{Heap before GC invocations=7 (full 1):
 PSYoungGen      total 62976K, used 22956K [0x00000000d6180000, 0x00000000db700000, 0x0000000100000000)
  eden space 57856K, 30% used [0x00000000d6180000,0x00000000d72f2ab0,0x00000000d9a00000)
  from space 5120K, 99% used [0x00000000da180000,0x00000000da678918,0x00000000da680000)
  to   space 14848K, 0% used [0x00000000da880000,0x00000000da880000,0x00000000db700000)
 ParOldGen       total 67584K, used 21391K [0x0000000082400000, 0x0000000086600000, 0x00000000d6180000)
  object space 67584K, 31% used [0x0000000082400000,0x00000000838e3f58,0x0000000086600000)
 Metaspace       used 34703K, capacity 35238K, committed 35496K, reserved 1081344K
  class space    used 4420K, capacity 4556K, committed 4608K, reserved 1048576K
Event: 7.095 GC heap after
Heap after GC invocations=7 (full 1):
 PSYoungGen      total 73216K, used 9731K [0x00000000d6180000, 0x00000000dc880000, 0x0000000100000000)
  eden space 58368K, 0% used [0x00000000d6180000,0x00000000d6180000,0x00000000d9a80000)
  from space 14848K, 65% used [0x00000000da880000,0x00000000db200fa0,0x00000000db700000)
  to   space 14336K, 0% used [0x00000000d9a80000,0x00000000d9a80000,0x00000000da880000)
 ParOldGen       total 67584K, used 21399K [0x0000000082400000, 0x0000000086600000, 0x00000000d6180000)
  object space 67584K, 31% used [0x0000000082400000,0x00000000838e5f58,0x0000000086600000)
 Metaspace       used 34703K, capacity 35238K, committed 35496K, reserved 1081344K
  class space    used 4420K, capacity 4556K, committed 4608K, reserved 1048576K
}
Event: 7.095 GC heap before
{Heap before GC invocations=8 (full 2):
 PSYoungGen      total 73216K, used 9731K [0x00000000d6180000, 0x00000000dc880000, 0x0000000100000000)
  eden space 58368K, 0% used [0x00000000d6180000,0x00000000d6180000,0x00000000d9a80000)
  from space 14848K, 65% used [0x00000000da880000,0x00000000db200fa0,0x00000000db700000)
  to   space 14336K, 0% used [0x00000000d9a80000,0x00000000d9a80000,0x00000000da880000)
 ParOldGen       total 67584K, used 21399K [0x0000000082400000, 0x0000000086600000, 0x00000000d6180000)
  object space 67584K, 31% used [0x0000000082400000,0x00000000838e5f58,0x0000000086600000)
 Metaspace       used 34703K, capacity 35238K, committed 35496K, reserved 1081344K
  class space    used 4420K, capacity 4556K, committed 4608K, reserved 1048576K
Event: 7.323 GC heap after
Heap after GC invocations=8 (full 2):
 PSYoungGen      total 73216K, used 0K [0x00000000d6180000, 0x00000000dc880000, 0x0000000100000000)
  eden space 58368K, 0% used [0x00000000d6180000,0x00000000d6180000,0x00000000d9a80000)
  from space 14848K, 0% used [0x00000000da880000,0x00000000da880000,0x00000000db700000)
  to   space 14336K, 0% used [0x00000000d9a80000,0x00000000d9a80000,0x00000000da880000)
 ParOldGen       total 67584K, used 25188K [0x0000000082400000, 0x0000000086600000, 0x00000000d6180000)
  object space 67584K, 37% used [0x0000000082400000,0x0000000083c99250,0x0000000086600000)
 Metaspace       used 34703K, capacity 35238K, committed 35496K, reserved 1081344K
  class space    used 4420K, capacity 4556K, committed 4608K, reserved 1048576K
}
Event: 10.074 GC heap before
{Heap before GC invocations=9 (full 2):
 PSYoungGen      total 73216K, used 58368K [0x00000000d6180000, 0x00000000dc880000, 0x0000000100000000)
  eden space 58368K, 100% used [0x00000000d6180000,0x00000000d9a80000,0x00000000d9a80000)
  from space 14848K, 0% used [0x00000000da880000,0x00000000da880000,0x00000000db700000)
  to   space 14336K, 0% used [0x00000000d9a80000,0x00000000d9a80000,0x00000000da880000)
 ParOldGen       total 67584K, used 25188K [0x0000000082400000, 0x0000000086600000, 0x00000000d6180000)
  object space 67584K, 37% used [0x0000000082400000,0x0000000083c99250,0x0000000086600000)
 Metaspace       used 39518K, capacity 40188K, committed 40576K, reserved 1085440K
  class space    used 5017K, capacity 5215K, committed 5248K, reserved 1048576K
Event: 10.112 GC heap after
Heap after GC invocations=9 (full 2):
 PSYoungGen      total 72704K, used 14324K [0x00000000d6180000, 0x00000000dc880000, 0x0000000100000000)
  eden space 58368K, 0% used [0x00000000d6180000,0x00000000d6180000,0x00000000d9a80000)
  from space 14336K, 99% used [0x00000000d9a80000,0x00000000da87d080,0x00000000da880000)
  to   space 14848K, 0% used [0x00000000da880000,0x00000000da880000,0x00000000db700000)
 ParOldGen       total 67584K, used 26198K [0x0000000082400000, 0x0000000086600000, 0x00000000d6180000)
  object space 67584K, 38% used [0x0000000082400000,0x0000000083d95a08,0x0000000086600000)
 Metaspace       used 39518K, capacity 40188K, committed 40576K, reserved 1085440K
  class space    used 5017K, capacity 5215K, committed 5248K, reserved 1048576K
}

